<?xml version="1.0" encoding="UTF-8"?>
<testng-results skipped="0" failed="0" ignored="0" total="1" passed="1">
  <reporter-output>
  </reporter-output>
  <suite name="Default suite" duration-ms="28050" started-at="2017-03-03T09:39:03Z" finished-at="2017-03-03T09:39:31Z">
    <groups>
    </groups>
    <test name="Default test" duration-ms="28050" started-at="2017-03-03T09:39:03Z" finished-at="2017-03-03T09:39:31Z">
      <class name="test.windowHandle">
        <test-method status="PASS" signature="handleWindow()[pri:0, instance:test.windowHandle@16a51ab]" name="handleWindow" duration-ms="28021" started-at="2017-03-03T15:09:03Z" finished-at="2017-03-03T15:09:31Z">
          <reporter-output>
          </reporter-output>
        </test-method> <!-- handleWindow -->
      </class> <!-- test.windowHandle -->
    </test> <!-- Default test -->
  </suite> <!-- Default suite -->
</testng-results>
